<?xml version="1.0" encoding="UTF-8"?>
<!-- Generated by org.testng.reporters.JUnitXMLReporter -->
<testsuite ignored="0" hostname="Maginthans-MBP" failures="0" tests="14" name="Default test" time="34.021" errors="0" timestamp="2024-04-18T23:07:50 IST">
  <testcase classname="api.test.DDUserModuleTest" name="testPostUser" time="6.046"/>
  <testcase classname="api.test.DDUserModuleTest" name="testPostUser" time="1.639"/>
  <testcase classname="api.test.DDUserModuleTest" name="testPostUser" time="2.884"/>
  <testcase classname="api.test.DDUserModuleTest" name="testPostUser" time="2.184"/>
  <testcase classname="api.test.DDUserModuleTest" name="testPostUser" time="2.935"/>
  <testcase classname="api.test.DDUserModuleTest" name="testPostUser" time="2.958"/>
  <testcase classname="api.test.DDUserModuleTest" name="testPostUser" time="1.743"/>
  <testcase classname="api.test.DDUserModuleTest" name="testDeleteUserByName" time="2.388"/>
  <testcase classname="api.test.DDUserModuleTest" name="testDeleteUserByName" time="1.432"/>
  <testcase classname="api.test.DDUserModuleTest" name="testDeleteUserByName" time="1.537"/>
  <testcase classname="api.test.DDUserModuleTest" name="testDeleteUserByName" time="2.149"/>
  <testcase classname="api.test.DDUserModuleTest" name="testDeleteUserByName" time="1.486"/>
  <testcase classname="api.test.DDUserModuleTest" name="testDeleteUserByName" time="1.686"/>
  <testcase classname="api.test.DDUserModuleTest" name="testDeleteUserByName" time="1.637"/>
</testsuite> <!-- Default test -->
