<?xml version="1.0" encoding="UTF-8"?>
<!-- Generated by org.testng.reporters.JUnitXMLReporter -->
<testsuite ignored="0" hostname="Maginthans-MBP" failures="0" tests="18" name="Test" time="52.391" errors="0" timestamp="2024-04-19T19:01:25 IST">
  <testcase classname="api.test.DDUserModuleTest" name="testPostUser" time="5.511"/>
  <testcase classname="api.test.DDUserModuleTest" name="testPostUser" time="1.9"/>
  <testcase classname="api.test.DDUserModuleTest" name="testPostUser" time="1.951"/>
  <testcase classname="api.test.DDUserModuleTest" name="testPostUser" time="2.557"/>
  <testcase classname="api.test.DDUserModuleTest" name="testPostUser" time="2.277"/>
  <testcase classname="api.test.DDUserModuleTest" name="testPostUser" time="2.84"/>
  <testcase classname="api.test.DDUserModuleTest" name="testPostUser" time="2.965"/>
  <testcase classname="api.test.DDUserModuleTest" name="testDeleteUserByName" time="2.454"/>
  <testcase classname="api.test.DDUserModuleTest" name="testDeleteUserByName" time="2.558"/>
  <testcase classname="api.test.DDUserModuleTest" name="testDeleteUserByName" time="2.56"/>
  <testcase classname="api.test.DDUserModuleTest" name="testDeleteUserByName" time="2.558"/>
  <testcase classname="api.test.DDUserModuleTest" name="testDeleteUserByName" time="2.763"/>
  <testcase classname="api.test.DDUserModuleTest" name="testDeleteUserByName" time="2.224"/>
  <testcase classname="api.test.DDUserModuleTest" name="testDeleteUserByName" time="2.25"/>
  <testcase classname="api.test.UserModuleTest" name="testPostUser" time="2.391"/>
  <testcase classname="api.test.UserModuleTest" name="testGetUser" time="2.554"/>
  <testcase classname="api.test.UserModuleTest" name="testUpdateUser" time="5.115"/>
  <testcase classname="api.test.UserModuleTest" name="testDeleteUser" time="2.046"/>
</testsuite> <!-- Test -->
