<?xml version="1.0" encoding="UTF-8"?>
<testng-results ignored="0" total="18" passed="18" failed="0" skipped="0">
  <reporter-output>
  </reporter-output>
  <suite started-at="2024-04-19T19:00:32 IST" name="Suite" finished-at="2024-04-19T19:01:24 IST" duration-ms="52391">
    <groups>
    </groups>
    <test started-at="2024-04-19T19:00:32 IST" name="Test" finished-at="2024-04-19T19:01:24 IST" duration-ms="52391">
      <class name="api.test.DDUserModuleTest">
        <test-method signature="testPostUser(java.lang.String,java.lang.String,java.lang.String,java.lang.String,java.lang.String,java.lang.String,java.lang.String)[pri:1, instance:api.test.DDUserModuleTest@54e1c68b]" started-at="2024-04-19T19:00:35 IST" name="testPostUser" data-provider="data" finished-at="2024-04-19T19:00:40 IST" duration-ms="5511" status="PASS">
          <params>
            <param index="0">
              <value>
                <![CDATA[1022001]]>
              </value>
            </param>
            <param index="1">
              <value>
                <![CDATA[Maginthan Raman]]>
              </value>
            </param>
            <param index="2">
              <value>
                <![CDATA[Maginthan]]>
              </value>
            </param>
            <param index="3">
              <value>
                <![CDATA[ Raman]]>
              </value>
            </param>
            <param index="4">
              <value>
                <![CDATA[Maginthan@gmail.com]]>
              </value>
            </param>
            <param index="5">
              <value>
                <![CDATA[Mag@1234]]>
              </value>
            </param>
            <param index="6">
              <value>
                <![CDATA[8900034567]]>
              </value>
            </param>
          </params>
          <reporter-output>
          </reporter-output>
        </test-method> <!-- testPostUser -->
        <test-method signature="testPostUser(java.lang.String,java.lang.String,java.lang.String,java.lang.String,java.lang.String,java.lang.String,java.lang.String)[pri:1, instance:api.test.DDUserModuleTest@54e1c68b]" started-at="2024-04-19T19:00:40 IST" name="testPostUser" data-provider="data" finished-at="2024-04-19T19:00:42 IST" duration-ms="1900" status="PASS">
          <params>
            <param index="0">
              <value>
                <![CDATA[1022002]]>
              </value>
            </param>
            <param index="1">
              <value>
                <![CDATA[Mugilan Raman]]>
              </value>
            </param>
            <param index="2">
              <value>
                <![CDATA[Mugilan]]>
              </value>
            </param>
            <param index="3">
              <value>
                <![CDATA[Raman]]>
              </value>
            </param>
            <param index="4">
              <value>
                <![CDATA[Mugilan@gmail.com]]>
              </value>
            </param>
            <param index="5">
              <value>
                <![CDATA[Mag@1235]]>
              </value>
            </param>
            <param index="6">
              <value>
                <![CDATA[8900034568]]>
              </value>
            </param>
          </params>
          <reporter-output>
          </reporter-output>
        </test-method> <!-- testPostUser -->
        <test-method signature="testPostUser(java.lang.String,java.lang.String,java.lang.String,java.lang.String,java.lang.String,java.lang.String,java.lang.String)[pri:1, instance:api.test.DDUserModuleTest@54e1c68b]" started-at="2024-04-19T19:00:42 IST" name="testPostUser" data-provider="data" finished-at="2024-04-19T19:00:44 IST" duration-ms="1951" status="PASS">
          <params>
            <param index="0">
              <value>
                <![CDATA[1022003]]>
              </value>
            </param>
            <param index="1">
              <value>
                <![CDATA[Antony David]]>
              </value>
            </param>
            <param index="2">
              <value>
                <![CDATA[Anthony]]>
              </value>
            </param>
            <param index="3">
              <value>
                <![CDATA[David]]>
              </value>
            </param>
            <param index="4">
              <value>
                <![CDATA[Anthony@gmail.com]]>
              </value>
            </param>
            <param index="5">
              <value>
                <![CDATA[Mag@1236]]>
              </value>
            </param>
            <param index="6">
              <value>
                <![CDATA[8900034569]]>
              </value>
            </param>
          </params>
          <reporter-output>
          </reporter-output>
        </test-method> <!-- testPostUser -->
        <test-method signature="testPostUser(java.lang.String,java.lang.String,java.lang.String,java.lang.String,java.lang.String,java.lang.String,java.lang.String)[pri:1, instance:api.test.DDUserModuleTest@54e1c68b]" started-at="2024-04-19T19:00:44 IST" name="testPostUser" data-provider="data" finished-at="2024-04-19T19:00:47 IST" duration-ms="2557" status="PASS">
          <params>
            <param index="0">
              <value>
                <![CDATA[1022004]]>
              </value>
            </param>
            <param index="1">
              <value>
                <![CDATA[Jenna Davis]]>
              </value>
            </param>
            <param index="2">
              <value>
                <![CDATA[Jenna]]>
              </value>
            </param>
            <param index="3">
              <value>
                <![CDATA[Davis]]>
              </value>
            </param>
            <param index="4">
              <value>
                <![CDATA[Jenna@gmail.com]]>
              </value>
            </param>
            <param index="5">
              <value>
                <![CDATA[Mag@1237]]>
              </value>
            </param>
            <param index="6">
              <value>
                <![CDATA[8900034570]]>
              </value>
            </param>
          </params>
          <reporter-output>
          </reporter-output>
        </test-method> <!-- testPostUser -->
        <test-method signature="testPostUser(java.lang.String,java.lang.String,java.lang.String,java.lang.String,java.lang.String,java.lang.String,java.lang.String)[pri:1, instance:api.test.DDUserModuleTest@54e1c68b]" started-at="2024-04-19T19:00:47 IST" name="testPostUser" data-provider="data" finished-at="2024-04-19T19:00:49 IST" duration-ms="2277" status="PASS">
          <params>
            <param index="0">
              <value>
                <![CDATA[1022005]]>
              </value>
            </param>
            <param index="1">
              <value>
                <![CDATA[Rose Njamunas]]>
              </value>
            </param>
            <param index="2">
              <value>
                <![CDATA[Rose]]>
              </value>
            </param>
            <param index="3">
              <value>
                <![CDATA[Njamunas]]>
              </value>
            </param>
            <param index="4">
              <value>
                <![CDATA[Rose@gmail.com]]>
              </value>
            </param>
            <param index="5">
              <value>
                <![CDATA[Mag@1238]]>
              </value>
            </param>
            <param index="6">
              <value>
                <![CDATA[8900034571]]>
              </value>
            </param>
          </params>
          <reporter-output>
          </reporter-output>
        </test-method> <!-- testPostUser -->
        <test-method signature="testPostUser(java.lang.String,java.lang.String,java.lang.String,java.lang.String,java.lang.String,java.lang.String,java.lang.String)[pri:1, instance:api.test.DDUserModuleTest@54e1c68b]" started-at="2024-04-19T19:00:49 IST" name="testPostUser" data-provider="data" finished-at="2024-04-19T19:00:52 IST" duration-ms="2840" status="PASS">
          <params>
            <param index="0">
              <value>
                <![CDATA[1022006]]>
              </value>
            </param>
            <param index="1">
              <value>
                <![CDATA[Jamal Hill]]>
              </value>
            </param>
            <param index="2">
              <value>
                <![CDATA[Jamal]]>
              </value>
            </param>
            <param index="3">
              <value>
                <![CDATA[Hill]]>
              </value>
            </param>
            <param index="4">
              <value>
                <![CDATA[Jamal@gmail.com]]>
              </value>
            </param>
            <param index="5">
              <value>
                <![CDATA[Mag@1239]]>
              </value>
            </param>
            <param index="6">
              <value>
                <![CDATA[8900034572]]>
              </value>
            </param>
          </params>
          <reporter-output>
          </reporter-output>
        </test-method> <!-- testPostUser -->
        <test-method signature="testPostUser(java.lang.String,java.lang.String,java.lang.String,java.lang.String,java.lang.String,java.lang.String,java.lang.String)[pri:1, instance:api.test.DDUserModuleTest@54e1c68b]" started-at="2024-04-19T19:00:52 IST" name="testPostUser" data-provider="data" finished-at="2024-04-19T19:00:55 IST" duration-ms="2965" status="PASS">
          <params>
            <param index="0">
              <value>
                <![CDATA[1022007]]>
              </value>
            </param>
            <param index="1">
              <value>
                <![CDATA[Alex Periera]]>
              </value>
            </param>
            <param index="2">
              <value>
                <![CDATA[Alex]]>
              </value>
            </param>
            <param index="3">
              <value>
                <![CDATA[Periera]]>
              </value>
            </param>
            <param index="4">
              <value>
                <![CDATA[Alex@gmail.com]]>
              </value>
            </param>
            <param index="5">
              <value>
                <![CDATA[Mag@1240]]>
              </value>
            </param>
            <param index="6">
              <value>
                <![CDATA[8900034573]]>
              </value>
            </param>
          </params>
          <reporter-output>
          </reporter-output>
        </test-method> <!-- testPostUser -->
        <test-method signature="testDeleteUserByName(java.lang.String)[pri:2, instance:api.test.DDUserModuleTest@54e1c68b]" started-at="2024-04-19T19:00:55 IST" name="testDeleteUserByName" data-provider="userNames" finished-at="2024-04-19T19:00:57 IST" duration-ms="2454" status="PASS">
          <params>
            <param index="0">
              <value>
                <![CDATA[Maginthan Raman]]>
              </value>
            </param>
          </params>
          <reporter-output>
          </reporter-output>
        </test-method> <!-- testDeleteUserByName -->
        <test-method signature="testDeleteUserByName(java.lang.String)[pri:2, instance:api.test.DDUserModuleTest@54e1c68b]" started-at="2024-04-19T19:00:57 IST" name="testDeleteUserByName" data-provider="userNames" finished-at="2024-04-19T19:01:00 IST" duration-ms="2558" status="PASS">
          <params>
            <param index="0">
              <value>
                <![CDATA[Mugilan Raman]]>
              </value>
            </param>
          </params>
          <reporter-output>
          </reporter-output>
        </test-method> <!-- testDeleteUserByName -->
        <test-method signature="testDeleteUserByName(java.lang.String)[pri:2, instance:api.test.DDUserModuleTest@54e1c68b]" started-at="2024-04-19T19:01:00 IST" name="testDeleteUserByName" data-provider="userNames" finished-at="2024-04-19T19:01:02 IST" duration-ms="2560" status="PASS">
          <params>
            <param index="0">
              <value>
                <![CDATA[Antony David]]>
              </value>
            </param>
          </params>
          <reporter-output>
          </reporter-output>
        </test-method> <!-- testDeleteUserByName -->
        <test-method signature="testDeleteUserByName(java.lang.String)[pri:2, instance:api.test.DDUserModuleTest@54e1c68b]" started-at="2024-04-19T19:01:02 IST" name="testDeleteUserByName" data-provider="userNames" finished-at="2024-04-19T19:01:05 IST" duration-ms="2558" status="PASS">
          <params>
            <param index="0">
              <value>
                <![CDATA[Jenna Davis]]>
              </value>
            </param>
          </params>
          <reporter-output>
          </reporter-output>
        </test-method> <!-- testDeleteUserByName -->
        <test-method signature="testDeleteUserByName(java.lang.String)[pri:2, instance:api.test.DDUserModuleTest@54e1c68b]" started-at="2024-04-19T19:01:05 IST" name="testDeleteUserByName" data-provider="userNames" finished-at="2024-04-19T19:01:08 IST" duration-ms="2763" status="PASS">
          <params>
            <param index="0">
              <value>
                <![CDATA[Rose Njamunas]]>
              </value>
            </param>
          </params>
          <reporter-output>
          </reporter-output>
        </test-method> <!-- testDeleteUserByName -->
        <test-method signature="testDeleteUserByName(java.lang.String)[pri:2, instance:api.test.DDUserModuleTest@54e1c68b]" started-at="2024-04-19T19:01:08 IST" name="testDeleteUserByName" data-provider="userNames" finished-at="2024-04-19T19:01:10 IST" duration-ms="2224" status="PASS">
          <params>
            <param index="0">
              <value>
                <![CDATA[Jamal Hill]]>
              </value>
            </param>
          </params>
          <reporter-output>
          </reporter-output>
        </test-method> <!-- testDeleteUserByName -->
        <test-method signature="testDeleteUserByName(java.lang.String)[pri:2, instance:api.test.DDUserModuleTest@54e1c68b]" started-at="2024-04-19T19:01:10 IST" name="testDeleteUserByName" data-provider="userNames" finished-at="2024-04-19T19:01:12 IST" duration-ms="2250" status="PASS">
          <params>
            <param index="0">
              <value>
                <![CDATA[Alex Periera]]>
              </value>
            </param>
          </params>
          <reporter-output>
          </reporter-output>
        </test-method> <!-- testDeleteUserByName -->
      </class> <!-- api.test.DDUserModuleTest -->
      <class name="api.test.UserModuleTest">
        <test-method is-config="true" signature="setUpData()[pri:0, instance:api.test.UserModuleTest@298a5e20]" started-at="2024-04-19T19:01:12 IST" name="setUpData" finished-at="2024-04-19T19:01:12 IST" duration-ms="203" status="PASS">
          <reporter-output>
          </reporter-output>
        </test-method> <!-- setUpData -->
        <test-method signature="testPostUser()[pri:1, instance:api.test.UserModuleTest@298a5e20]" started-at="2024-04-19T19:01:12 IST" name="testPostUser" finished-at="2024-04-19T19:01:15 IST" duration-ms="2391" status="PASS">
          <reporter-output>
          </reporter-output>
        </test-method> <!-- testPostUser -->
        <test-method signature="testGetUser()[pri:2, instance:api.test.UserModuleTest@298a5e20]" started-at="2024-04-19T19:01:15 IST" name="testGetUser" finished-at="2024-04-19T19:01:17 IST" duration-ms="2554" status="PASS">
          <reporter-output>
          </reporter-output>
        </test-method> <!-- testGetUser -->
        <test-method signature="testUpdateUser()[pri:3, instance:api.test.UserModuleTest@298a5e20]" started-at="2024-04-19T19:01:17 IST" name="testUpdateUser" finished-at="2024-04-19T19:01:22 IST" duration-ms="5115" status="PASS">
          <reporter-output>
          </reporter-output>
        </test-method> <!-- testUpdateUser -->
        <test-method signature="testDeleteUser()[pri:4, instance:api.test.UserModuleTest@298a5e20]" started-at="2024-04-19T19:01:22 IST" name="testDeleteUser" finished-at="2024-04-19T19:01:24 IST" duration-ms="2046" status="PASS">
          <reporter-output>
          </reporter-output>
        </test-method> <!-- testDeleteUser -->
      </class> <!-- api.test.UserModuleTest -->
    </test> <!-- Test -->
  </suite> <!-- Suite -->
</testng-results>
